1765268780: mosquitto version 2.0.22 starting
1765268780: Config loaded from /mosquitto/config/mosquitto.conf.
1765268780: Opening ipv4 listen socket on port 1883.
1765268780: Opening ipv6 listen socket on port 1883.
1765268780: mosquitto version 2.0.22 running
1765268860: New connection from 172.20.0.1:59552 on port 1883.
1765268860: New client connected from 172.20.0.1:59552 as postman-mqtt-client-1765268858936 (p5, c0, k60).
1765268860: No will message specified.
1765268860: Sending CONNACK to postman-mqtt-client-1765268858936 (0, 0)
1765268860: Received SUBSCRIBE from postman-mqtt-client-1765268858936
1765268860: 	TopicControle (QoS 0)
1765268860: postman-mqtt-client-1765268858936 0 TopicControle
1765268860: Sending SUBACK to postman-mqtt-client-1765268858936
1765268920: Received PINGREQ from postman-mqtt-client-1765268858936
1765268920: Sending PINGRESP to postman-mqtt-client-1765268858936
1765268980: Received PINGREQ from postman-mqtt-client-1765268858936
1765268980: Sending PINGRESP to postman-mqtt-client-1765268858936
1765269040: Received PINGREQ from postman-mqtt-client-1765268858936
1765269040: Sending PINGRESP to postman-mqtt-client-1765268858936
1765269056: Received PUBLISH from postman-mqtt-client-1765268858936 (d0, q0, r0, m0, 'TopicControle', ... (4 bytes))
1765269056: Sending PUBLISH to postman-mqtt-client-1765268858936 (d0, q0, r0, m0, 'TopicControle', ... (4 bytes))
1765269116: Received PINGREQ from postman-mqtt-client-1765268858936
1765269116: Sending PINGRESP to postman-mqtt-client-1765268858936
1765269176: Received PINGREQ from postman-mqtt-client-1765268858936
1765269176: Sending PINGRESP to postman-mqtt-client-1765268858936
1765269236: Received PINGREQ from postman-mqtt-client-1765268858936
1765269236: Sending PINGRESP to postman-mqtt-client-1765268858936
1765269296: Received PINGREQ from postman-mqtt-client-1765268858936
1765269296: Sending PINGRESP to postman-mqtt-client-1765268858936
1765269356: Received PINGREQ from postman-mqtt-client-1765268858936
1765269356: Sending PINGRESP to postman-mqtt-client-1765268858936
1765269416: Received PINGREQ from postman-mqtt-client-1765268858936
1765269416: Sending PINGRESP to postman-mqtt-client-1765268858936
1765269476: Received PINGREQ from postman-mqtt-client-1765268858936
1765269476: Sending PINGRESP to postman-mqtt-client-1765268858936
1765269536: Received PINGREQ from postman-mqtt-client-1765268858936
1765269536: Sending PINGRESP to postman-mqtt-client-1765268858936
1765269596: Received PINGREQ from postman-mqtt-client-1765268858936
1765269596: Sending PINGRESP to postman-mqtt-client-1765268858936
1765269656: Received PINGREQ from postman-mqtt-client-1765268858936
1765269656: Sending PINGRESP to postman-mqtt-client-1765268858936
1765269716: Received PINGREQ from postman-mqtt-client-1765268858936
1765269716: Sending PINGRESP to postman-mqtt-client-1765268858936
1765269755: mosquitto version 2.0.22 terminating
1765269764: mosquitto version 2.0.22 starting
1765269764: Config loaded from /mosquitto/config/mosquitto.conf.
1765269764: Opening ipv4 listen socket on port 1883.
1765269764: Opening ipv6 listen socket on port 1883.
1765269764: mosquitto version 2.0.22 running
1765270189: mosquitto version 2.0.22 terminating
1765270193: mosquitto version 2.0.22 starting
1765270193: Config loaded from /mosquitto/config/mosquitto.conf.
1765270193: Opening ipv4 listen socket on port 1883.
1765270193: Opening ipv6 listen socket on port 1883.
1765270193: Opening websockets listen socket on port 9005.
1765270193: mosquitto version 2.0.22 running
1765270584: mosquitto version 2.0.22 terminating
1765270593: mosquitto version 2.0.22 starting
1765270593: Config loaded from /mosquitto/config/mosquitto.conf.
1765270593: Opening ipv4 listen socket on port 1883.
1765270593: Opening ipv6 listen socket on port 1883.
1765270593: Opening websockets listen socket on port 9005.
1765270593: mosquitto version 2.0.22 running
1765271635: mosquitto version 2.0.22 terminating
1765271647: mosquitto version 2.0.22 starting
1765271647: Config loaded from /mosquitto/config/mosquitto.conf.
1765271647: Opening ipv4 listen socket on port 1883.
1765271647: Opening ipv6 listen socket on port 1883.
1765271647: Opening websockets listen socket on port 9005.
1765271647: mosquitto version 2.0.22 running
1765271855: mosquitto version 2.0.22 terminating
1765271861: mosquitto version 2.0.22 starting
1765271861: Config loaded from /mosquitto/config/mosquitto.conf.
1765271861: Opening ipv4 listen socket on port 1883.
1765271861: Opening ipv6 listen socket on port 1883.
1765271861: Opening websockets listen socket on port 9005.
1765271861: mosquitto version 2.0.22 running
1765273591: New client connected from ::ffff:172.20.0.1:50608 as mqttx_d753e1dc (p5, c1, k60).
1765273591: No will message specified.
1765273591: Sending CONNACK to mqttx_d753e1dc (0, 0)
1765273597: Received PUBLISH from mqttx_d753e1dc (d0, q0, r0, m0, 'BTS', ... (32 bytes))
1765273657: Received PINGREQ from mqttx_d753e1dc
1765273657: Sending PINGRESP to mqttx_d753e1dc
1765273695: Received SUBSCRIBE from mqttx_d753e1dc
1765273695: 	BTS (QoS 0)
1765273695: mqttx_d753e1dc 0 BTS
1765273695: Sending SUBACK to mqttx_d753e1dc
1765273701: Received PUBLISH from mqttx_d753e1dc (d0, q0, r0, m0, 'BTS', ... (32 bytes))
1765273701: Sending PUBLISH to mqttx_d753e1dc (d0, q0, r0, m0, 'BTS', ... (32 bytes))
1765273761: Received PINGREQ from mqttx_d753e1dc
1765273761: Sending PINGRESP to mqttx_d753e1dc
1765273821: Received PINGREQ from mqttx_d753e1dc
1765273821: Sending PINGRESP to mqttx_d753e1dc
1765273881: Received PINGREQ from mqttx_d753e1dc
1765273881: Sending PINGRESP to mqttx_d753e1dc
1765273941: Received PINGREQ from mqttx_d753e1dc
1765273941: Sending PINGRESP to mqttx_d753e1dc
1765274001: Received PINGREQ from mqttx_d753e1dc
1765274001: Sending PINGRESP to mqttx_d753e1dc
1765274061: Received PINGREQ from mqttx_d753e1dc
1765274061: Sending PINGRESP to mqttx_d753e1dc
1765274121: Received PINGREQ from mqttx_d753e1dc
1765274121: Sending PINGRESP to mqttx_d753e1dc
1765274181: Received PINGREQ from mqttx_d753e1dc
1765274181: Sending PINGRESP to mqttx_d753e1dc
1765274241: Received PINGREQ from mqttx_d753e1dc
1765274241: Sending PINGRESP to mqttx_d753e1dc
1765274301: Received PINGREQ from mqttx_d753e1dc
1765274301: Sending PINGRESP to mqttx_d753e1dc
1765274361: Received PINGREQ from mqttx_d753e1dc
1765274361: Sending PINGRESP to mqttx_d753e1dc
1765274421: Received PINGREQ from mqttx_d753e1dc
1765274421: Sending PINGRESP to mqttx_d753e1dc
1765274483: Received PINGREQ from mqttx_d753e1dc
1765274483: Sending PINGRESP to mqttx_d753e1dc
1765274517: mosquitto version 2.0.22 terminating
1765274517: Client mqttx_d753e1dc closed its connection.
1765274522: mosquitto version 2.0.22 starting
1765274522: Config loaded from /mosquitto/config/mosquitto.conf.
1765274522: Opening ipv4 listen socket on port 1883.
1765274522: Opening ipv6 listen socket on port 1883.
1765274522: Opening websockets listen socket on port 9005.
1765274522: mosquitto version 2.0.22 running
1765274523: New client connected from ::ffff:172.20.0.1:56816 as mqttx_d753e1dc (p5, c1, k60).
1765274523: No will message specified.
1765274523: Sending CONNACK to mqttx_d753e1dc (0, 0)
1765274523: Received SUBSCRIBE from mqttx_d753e1dc
1765274523: 	BTS (QoS 0)
1765274523: mqttx_d753e1dc 0 BTS
1765274523: Sending SUBACK to mqttx_d753e1dc
1765274583: Received PINGREQ from mqttx_d753e1dc
1765274583: Sending PINGRESP to mqttx_d753e1dc
1765274644: Received PINGREQ from mqttx_d753e1dc
1765274644: Sending PINGRESP to mqttx_d753e1dc
1765274705: Received PINGREQ from mqttx_d753e1dc
1765274705: Sending PINGRESP to mqttx_d753e1dc
1765274766: Received PINGREQ from mqttx_d753e1dc
1765274766: Sending PINGRESP to mqttx_d753e1dc
1765274857: Client mqttx_d753e1dc closed its connection.
1765274928: mosquitto version 2.0.22 terminating
1765274928: Client <unknown> closed its connection.
1765274958: mosquitto version 2.0.22 starting
1765274958: Config loaded from /mosquitto/config/mosquitto.conf.
1765274958: Opening ipv4 listen socket on port 1883.
1765274958: Opening ipv6 listen socket on port 1883.
1765274958: Opening websockets listen socket on port 9005.
1765274958: mosquitto version 2.0.22 running
1765274961: New client connected from ::ffff:172.20.0.1:40310 as mqttx_d753e1dc (p5, c1, k60).
1765274961: No will message specified.
1765274961: Sending CONNACK to mqttx_d753e1dc (0, 0)
1765274961: Received SUBSCRIBE from mqttx_d753e1dc
1765274961: 	BTS (QoS 0)
1765274961: mqttx_d753e1dc 0 BTS
1765274961: Sending SUBACK to mqttx_d753e1dc
1765275022: Received PINGREQ from mqttx_d753e1dc
1765275022: Sending PINGRESP to mqttx_d753e1dc
1765275083: Received PINGREQ from mqttx_d753e1dc
1765275083: Sending PINGRESP to mqttx_d753e1dc
1765275144: Received PINGREQ from mqttx_d753e1dc
1765275144: Sending PINGRESP to mqttx_d753e1dc
1765275205: Received PINGREQ from mqttx_d753e1dc
1765275205: Sending PINGRESP to mqttx_d753e1dc
1765275296: Client mqttx_d753e1dc closed its connection.
1765275427: New client connected from ::ffff:172.20.0.1:41148 as mqttx_d753e1dc (p5, c1, k60).
1765275427: No will message specified.
1765275427: Sending CONNACK to mqttx_d753e1dc (0, 0)
1765275487: Client mqttx_d753e1dc closed its connection.
1765275547: New client connected from ::ffff:172.20.0.1:60518 as mqttx_d753e1dc (p5, c1, k60).
1765275547: No will message specified.
1765275547: Sending CONNACK to mqttx_d753e1dc (0, 0)
1765275607: Client mqttx_d753e1dc closed its connection.
1765275667: New client connected from ::ffff:172.20.0.1:37842 as mqttx_d753e1dc (p5, c1, k60).
1765275667: No will message specified.
1765275667: Sending CONNACK to mqttx_d753e1dc (0, 0)
1765275727: Client mqttx_d753e1dc closed its connection.
1765275787: New client connected from ::ffff:172.20.0.1:50148 as mqttx_d753e1dc (p5, c1, k60).
1765275787: No will message specified.
1765275787: Sending CONNACK to mqttx_d753e1dc (0, 0)
1765275847: Client mqttx_d753e1dc closed its connection.
1765275907: New client connected from ::ffff:172.20.0.1:59446 as mqttx_d753e1dc (p5, c1, k60).
1765275907: No will message specified.
1765275907: Sending CONNACK to mqttx_d753e1dc (0, 0)
1765275967: Client mqttx_d753e1dc closed its connection.
1765276027: New client connected from ::ffff:172.20.0.1:45166 as mqttx_d753e1dc (p5, c1, k60).
1765276027: No will message specified.
1765276027: Sending CONNACK to mqttx_d753e1dc (0, 0)
1765276042: Client mqttx_d753e1dc closed its connection.
1765276138: New connection from ::1:48406 on port 1883.
1765276138: New client connected from ::1:48406 as auto-F8B016B2-A05A-235F-5F54-8F866924003F (p2, c1, k60).
1765276138: No will message specified.
1765276138: Sending CONNACK to auto-F8B016B2-A05A-235F-5F54-8F866924003F (0, 0)
1765276138: Received SUBSCRIBE from auto-F8B016B2-A05A-235F-5F54-8F866924003F
1765276138: 	# (QoS 0)
1765276138: auto-F8B016B2-A05A-235F-5F54-8F866924003F 0 #
1765276138: Sending SUBACK to auto-F8B016B2-A05A-235F-5F54-8F866924003F
1765276168: New client connected from ::ffff:172.20.0.1:35512 as mqttx_d753e1dc (p5, c1, k60).
1765276168: No will message specified.
1765276168: Sending CONNACK to mqttx_d753e1dc (0, 0)
1765276168: Received SUBSCRIBE from mqttx_d753e1dc
1765276168: 	BTS (QoS 0)
1765276168: mqttx_d753e1dc 0 BTS
1765276168: Sending SUBACK to mqttx_d753e1dc
1765276198: Received PINGREQ from auto-F8B016B2-A05A-235F-5F54-8F866924003F
1765276198: Sending PINGRESP to auto-F8B016B2-A05A-235F-5F54-8F866924003F
1765276228: Received PINGREQ from mqttx_d753e1dc
1765276228: Sending PINGRESP to mqttx_d753e1dc
1765276258: Received PINGREQ from auto-F8B016B2-A05A-235F-5F54-8F866924003F
1765276258: Sending PINGRESP to auto-F8B016B2-A05A-235F-5F54-8F866924003F
1765276275: mosquitto version 2.0.22 terminating
1765276275: Client mqttx_d753e1dc closed its connection.
1765276304: mosquitto version 2.0.22 starting
1765276304: Config loaded from /mosquitto/config/mosquitto.conf.
1765276304: Opening ipv4 listen socket on port 1883.
1765276304: Opening ipv6 listen socket on port 1883.
1765276304: Opening websockets listen socket on port 9005.
1765276304: mosquitto version 2.0.22 running
1765276306: New connection from 172.20.0.5:42710 on port 1883.
1765276306: New client connected from 172.20.0.5:42710 as auto-443C15FA-A5DF-B674-3A46-E3044D087B3F (p2, c1, k60).
1765276306: No will message specified.
1765276306: Sending CONNACK to auto-443C15FA-A5DF-B674-3A46-E3044D087B3F (0, 0)
1765276306: Received SUBSCRIBE from auto-443C15FA-A5DF-B674-3A46-E3044D087B3F
1765276306: 	# (QoS 0)
1765276306: auto-443C15FA-A5DF-B674-3A46-E3044D087B3F 0 #
1765276306: Sending SUBACK to auto-443C15FA-A5DF-B674-3A46-E3044D087B3F
1765276307: New client connected from ::ffff:172.20.0.1:56736 as mqttx_d753e1dc (p5, c1, k60).
1765276307: No will message specified.
1765276307: Sending CONNACK to mqttx_d753e1dc (0, 0)
1765276307: Received SUBSCRIBE from mqttx_d753e1dc
1765276307: 	BTS (QoS 0)
1765276307: mqttx_d753e1dc 0 BTS
1765276307: Sending SUBACK to mqttx_d753e1dc
1765276315: New connection from 172.20.0.1:45030 on port 1883.
1765276315: New client connected from 172.20.0.1:45030 as postman-mqtt-client-1765276314400 (p5, c0, k60).
1765276315: No will message specified.
1765276315: Sending CONNACK to postman-mqtt-client-1765276314400 (0, 0)
1765276315: Received SUBSCRIBE from postman-mqtt-client-1765276314400
1765276315: 	TopicControle (QoS 0)
1765276315: postman-mqtt-client-1765276314400 0 TopicControle
1765276315: Sending SUBACK to postman-mqtt-client-1765276314400
1765276328: Received PUBLISH from postman-mqtt-client-1765276314400 (d0, q0, r0, m0, 'TopicControle', ... (4 bytes))
1765276328: Sending PUBLISH to postman-mqtt-client-1765276314400 (d0, q0, r0, m0, 'TopicControle', ... (4 bytes))
1765276328: Sending PUBLISH to auto-443C15FA-A5DF-B674-3A46-E3044D087B3F (d0, q0, r0, m0, 'TopicControle', ... (4 bytes))
1765276367: Received PINGREQ from auto-443C15FA-A5DF-B674-3A46-E3044D087B3F
1765276367: Sending PINGRESP to auto-443C15FA-A5DF-B674-3A46-E3044D087B3F
1765276368: Received PINGREQ from mqttx_d753e1dc
1765276368: Sending PINGRESP to mqttx_d753e1dc
1765276388: Received PINGREQ from postman-mqtt-client-1765276314400
1765276388: Sending PINGRESP to postman-mqtt-client-1765276314400
1765276427: Received PINGREQ from auto-443C15FA-A5DF-B674-3A46-E3044D087B3F
1765276427: Sending PINGRESP to auto-443C15FA-A5DF-B674-3A46-E3044D087B3F
1765276429: Received PINGREQ from mqttx_d753e1dc
1765276429: Sending PINGRESP to mqttx_d753e1dc
1765276448: Received PINGREQ from postman-mqtt-client-1765276314400
1765276448: Sending PINGRESP to postman-mqtt-client-1765276314400
1765276487: Received PINGREQ from auto-443C15FA-A5DF-B674-3A46-E3044D087B3F
1765276487: Sending PINGRESP to auto-443C15FA-A5DF-B674-3A46-E3044D087B3F
1765276490: Received PINGREQ from mqttx_d753e1dc
1765276490: Sending PINGRESP to mqttx_d753e1dc
1765276508: Received PINGREQ from postman-mqtt-client-1765276314400
1765276508: Sending PINGRESP to postman-mqtt-client-1765276314400
1765276547: Received PINGREQ from auto-443C15FA-A5DF-B674-3A46-E3044D087B3F
1765276547: Sending PINGRESP to auto-443C15FA-A5DF-B674-3A46-E3044D087B3F
1765276551: Received PINGREQ from mqttx_d753e1dc
1765276551: Sending PINGRESP to mqttx_d753e1dc
1765276568: Received PINGREQ from postman-mqtt-client-1765276314400
1765276568: Sending PINGRESP to postman-mqtt-client-1765276314400
1765276607: Received PINGREQ from auto-443C15FA-A5DF-B674-3A46-E3044D087B3F
1765276607: Sending PINGRESP to auto-443C15FA-A5DF-B674-3A46-E3044D087B3F
1765276614: Received PINGREQ from mqttx_d753e1dc
1765276614: Sending PINGRESP to mqttx_d753e1dc
1765276628: Received PINGREQ from postman-mqtt-client-1765276314400
1765276628: Sending PINGRESP to postman-mqtt-client-1765276314400
1765276667: Received PINGREQ from auto-443C15FA-A5DF-B674-3A46-E3044D087B3F
1765276667: Sending PINGRESP to auto-443C15FA-A5DF-B674-3A46-E3044D087B3F
1765276687: Received PINGREQ from mqttx_d753e1dc
1765276687: Sending PINGRESP to mqttx_d753e1dc
1765276688: Received PINGREQ from postman-mqtt-client-1765276314400
1765276688: Sending PINGRESP to postman-mqtt-client-1765276314400
1765276726: Received PINGREQ from auto-443C15FA-A5DF-B674-3A46-E3044D087B3F
1765276726: Sending PINGRESP to auto-443C15FA-A5DF-B674-3A46-E3044D087B3F
1765276748: Received PINGREQ from postman-mqtt-client-1765276314400
1765276748: Sending PINGRESP to postman-mqtt-client-1765276314400
1765276778: Client mqttx_d753e1dc closed its connection.
1765276786: Received PINGREQ from auto-443C15FA-A5DF-B674-3A46-E3044D087B3F
1765276786: Sending PINGRESP to auto-443C15FA-A5DF-B674-3A46-E3044D087B3F
1765276808: Received PINGREQ from postman-mqtt-client-1765276314400
1765276808: Sending PINGRESP to postman-mqtt-client-1765276314400
1765276846: Received PINGREQ from auto-443C15FA-A5DF-B674-3A46-E3044D087B3F
1765276846: Sending PINGRESP to auto-443C15FA-A5DF-B674-3A46-E3044D087B3F
1765276868: Received PINGREQ from postman-mqtt-client-1765276314400
1765276868: Sending PINGRESP to postman-mqtt-client-1765276314400
1765276906: Received PINGREQ from auto-443C15FA-A5DF-B674-3A46-E3044D087B3F
1765276906: Sending PINGRESP to auto-443C15FA-A5DF-B674-3A46-E3044D087B3F
1765276927: New client connected from ::ffff:172.20.0.1:56190 as mqttx_d753e1dc (p5, c1, k60).
1765276927: No will message specified.
1765276927: Sending CONNACK to mqttx_d753e1dc (0, 0)
1765276928: Received PINGREQ from postman-mqtt-client-1765276314400
1765276928: Sending PINGRESP to postman-mqtt-client-1765276314400
1765276966: Received PINGREQ from auto-443C15FA-A5DF-B674-3A46-E3044D087B3F
1765276966: Sending PINGRESP to auto-443C15FA-A5DF-B674-3A46-E3044D087B3F
1765276987: Client mqttx_d753e1dc closed its connection.
1765276988: Received PINGREQ from postman-mqtt-client-1765276314400
1765276988: Sending PINGRESP to postman-mqtt-client-1765276314400
1765277026: Received PINGREQ from auto-443C15FA-A5DF-B674-3A46-E3044D087B3F
1765277026: Sending PINGRESP to auto-443C15FA-A5DF-B674-3A46-E3044D087B3F
1765277038: Client postman-mqtt-client-1765276314400 closed its connection.
1765277047: New client connected from ::ffff:172.20.0.1:39326 as mqttx_d753e1dc (p5, c1, k60).
1765277047: No will message specified.
1765277047: Sending CONNACK to mqttx_d753e1dc (0, 0)
1765277049: Client mqttx_d753e1dc closed its connection.
1765277051: New client connected from ::ffff:172.20.0.1:50354 as mqttx_d753e1dc (p5, c1, k60).
1765277051: No will message specified.
1765277051: Sending CONNACK to mqttx_d753e1dc (0, 0)
1765277051: Received SUBSCRIBE from mqttx_d753e1dc
1765277051: 	BTS (QoS 0)
1765277051: mqttx_d753e1dc 0 BTS
1765277051: Sending SUBACK to mqttx_d753e1dc
1765277086: Received PINGREQ from auto-443C15FA-A5DF-B674-3A46-E3044D087B3F
1765277086: Sending PINGRESP to auto-443C15FA-A5DF-B674-3A46-E3044D087B3F
1765277112: Received PINGREQ from mqttx_d753e1dc
1765277112: Sending PINGRESP to mqttx_d753e1dc
